Tue, 27 Jun 2023 20:14:34 GMT - Info - Server is running on port: 3000
Wed, 28 Jun 2023 08:55:12 GMT - Info - Server is running on port: 3000
Wed, 28 Jun 2023 09:30:40 GMT - Info - Server is running on port: 3000
Wed, 28 Aug 2024 22:48:25 GMT - Info - Server is running on port: 3000
Wed, 28 Aug 2024 23:08:45 GMT - Info - Server is running on port: 3000
Wed, 28 Aug 2024 23:10:58 GMT - Info - Server is running on port: 3000
Wed, 28 Aug 2024 23:14:41 GMT - Info - Server is running on port: 3000
Wed, 28 Aug 2024 23:15:22 GMT - Info - Server is running on port: 3000
Wed, 28 Aug 2024 23:21:20 GMT - Info - Server is running on port: 3000
Wed, 28 Aug 2024 23:24:10 GMT - Info - Server is running on port: 3000
Wed, 28 Aug 2024 23:25:37 GMT - Info - Server is running on port: 3000
Wed, 28 Aug 2024 23:30:47 GMT - Info - Server is running on port: 3000
Wed, 28 Aug 2024 23:32:05 GMT - Info - Server is running on port: 3000
Wed, 28 Aug 2024 23:35:27 GMT - Info - Server is running on port: 3000
Wed, 28 Aug 2024 23:37:47 GMT - Info - Server is running on port: 3000
Wed, 28 Aug 2024 23:38:29 GMT - Info - Server is running on port: 3000
Wed, 28 Aug 2024 23:40:23 GMT - Info - Server is running on port: 3000
Wed, 28 Aug 2024 23:50:01 GMT - Info - Server is running on port: 3000
Wed, 28 Aug 2024 23:54:55 GMT - Info - Server is running on port: 3000
Wed, 28 Aug 2024 23:54:59 GMT - Error - Error fetching user:
Thu, 29 Aug 2024 00:11:55 GMT - Info - Server is running on port: 3000
Thu, 29 Aug 2024 00:12:26 GMT - Info - Server is running on port: 3000
Thu, 29 Aug 2024 00:16:48 GMT - Info - Server is running on port: 3000
Thu, 29 Aug 2024 00:18:45 GMT - Info - Server is running on port: 3000
Thu, 29 Aug 2024 00:18:49 GMT - Error - Error querying users:
Thu, 29 Aug 2024 00:19:18 GMT - Info - Server is running on port: 3000
Thu, 29 Aug 2024 00:19:20 GMT - Error - Error querying users:
Thu, 29 Aug 2024 00:20:20 GMT - Info - Server is running on port: 3000
Thu, 29 Aug 2024 00:20:25 GMT - Error - Error querying users:
Thu, 29 Aug 2024 00:37:47 GMT - Error - Error querying users:
Thu, 29 Aug 2024 00:37:47 GMT - Error - Error querying users:
Thu, 29 Aug 2024 00:38:34 GMT - Error - Error querying users:
Thu, 29 Aug 2024 00:38:36 GMT - Error - Error querying users:
